app/build/intermediates/proguard-rules/release/aapt_rules.txt
# Referenced at merged_manifests\release\AndroidManifest.xml:33
-keep class com.delph.About { <init>(); }
# Referenced at merged_manifests\release\AndroidManifest.xml:27
-keep class com.delph.Rec { <init>(); }
# Referenced at merged_manifests\release\AndroidManifest.xml:28
-keep class com.delph.RecList { <init>(); }
# Referenced at merged_manifests\release\AndroidManifest.xml:29
-keep class com.delph.Settingz { <init>(); }
# Referenced at merged_manifests\release\AndroidManifest.xml:17
-keep class com.delph.main { <init>(); }
# Referenced at merged_manifests\release\AndroidManifest.xml:35
-keep class com.delph.vrec_service { <init>(); }
# Referenced at res\layout\vrec.xml:26
-keepclassmembers class * { *** btn_StartRecordClick(android.view.View); }

# Referenced at res\layout\vrec.xml:45
-keepclassmembers class * { *** btn_StopRecordClick(android.view.View); }