app/build/outputs/mapping/release/mapping.txt
com.delph.About -> com.delph.About:
    void <init>() -> <init>
    void onCreate(android.os.Bundle) -> onCreate
com.delph.Rec -> com.delph.Rec:
    boolean isRecording -> a
    android.os.Handler mHandler -> g
    long mStartTime -> h
    android.widget.TextView mTimeTextField -> b
    android.widget.TextView recStatus -> c
    android.widget.TextView timeLine -> d
    android.widget.ImageButton rec_Btn -> e
    android.widget.ImageButton stop_Btn -> f
    java.lang.Runnable mUpdateTimeTask -> i
    void <init>() -> <init>
    void onCreate(android.os.Bundle) -> onCreate
    void btn_StartRecordClick(android.view.View) -> btn_StartRecordClick
    void btn_StopRecordClick(android.view.View) -> btn_StopRecordClick
    long access$000(com.delph.Rec) -> a
    android.os.Handler access$100(com.delph.Rec) -> b
com.delph.Rec$1 -> com.delph.Rec$1:
    com.delph.Rec this$0 -> a
    void <init>(com.delph.Rec) -> <init>
    void run() -> run
com.delph.RecList -> com.delph.RecList:
    android.widget.ListView l1 -> b
    java.io.File[] fileList -> c
    java.io.File storageDir -> d
    com.delph.RecList$EfficientAdapter adapter -> a
    void <init>() -> <init>
    void ListViewSetup() -> a
    void onCreate(android.os.Bundle) -> onCreate
    void onResume() -> onResume
    void onCreateContextMenu(android.view.ContextMenu,android.view.View,android.view.ContextMenu$ContextMenuInfo) -> onCreateContextMenu
    boolean onContextItemSelected(android.view.MenuItem) -> onContextItemSelected
    void delFile(java.io.File) -> a
    void renFile(java.io.File,java.lang.String) -> a
    java.io.File[] access$002(java.io.File[]) -> a
    java.io.File[] access$000() -> b
    java.io.File access$102(java.io.File) -> b
    java.io.File access$100() -> c
com.delph.RecList$1 -> com.delph.RecList$1:
    com.delph.RecList this$0 -> a
    void <init>(com.delph.RecList) -> <init>
    void onItemClick(android.widget.AdapterView,android.view.View,int,long) -> onItemClick
com.delph.RecList$2 -> com.delph.RecList$2:
    android.widget.EditText val$input -> a
    android.widget.AdapterView$AdapterContextMenuInfo val$menuInfo -> b
    com.delph.RecList this$0 -> c
    void <init>(com.delph.RecList,android.widget.EditText,android.widget.AdapterView$AdapterContextMenuInfo) -> <init>
    void onClick(android.content.DialogInterface,int) -> onClick
com.delph.RecList$3 -> com.delph.RecList$3:
    com.delph.RecList this$0 -> a
    void <init>(com.delph.RecList) -> <init>
    void onClick(android.content.DialogInterface,int) -> onClick
com.delph.RecList$EfficientAdapter -> com.delph.RecList$a:
    android.view.LayoutInflater mInflater -> b
    android.content.Context cont -> a
    void <init>(android.content.Context) -> <init>
    void adapter_refresh() -> a
    int getCount() -> getCount
    java.lang.Object getItem(int) -> getItem
    long getItemId(int) -> getItemId
    android.view.View getView(int,android.view.View,android.view.ViewGroup) -> getView
    java.io.File[] getRecorderFiles() -> b
com.delph.RecList$EfficientAdapter$ViewHolder -> com.delph.RecList$a$a:
    android.widget.TextView text1 -> a
    android.widget.TextView text2 -> b
    void <init>() -> <init>
com.delph.Settingz -> com.delph.Settingz:
    android.content.SharedPreferences prefs -> a
    void <init>() -> <init>
    void onCreate(android.os.Bundle) -> onCreate
com.delph.Settingz$1 -> com.delph.Settingz$1:
    com.delph.Settingz this$0 -> a
    void <init>(com.delph.Settingz) -> <init>
    void onClick(android.view.View) -> onClick
com.delph.Settingz$2 -> com.delph.Settingz$2:
    com.delph.Settingz this$0 -> a
    void <init>(com.delph.Settingz) -> <init>
    void onClick(android.view.View) -> onClick
com.delph.Settingz$3 -> com.delph.Settingz$3:
    com.delph.Settingz this$0 -> a
    void <init>(com.delph.Settingz) -> <init>
    void onClick(android.view.View) -> onClick